Linear-FE results
Number of interior grid pts: N = 199
Approximate solution: x_j, y_j
-2.00000    0.00000   
-1.98000    7.50000   
-1.96000   15.00000   
-1.94000   22.50000   
-1.92000   30.00000   
-1.90000   37.50000   
-1.88000   45.00000   
-1.86000   52.50000   
-1.84000   60.00000   
-1.82000   67.50000   
-1.80000   75.00000   
-1.78000   82.50000   
-1.76000   90.00000   
-1.74000   97.50000   
-1.72000   105.00000   
-1.70000   112.50000   
-1.68000   120.00000   
-1.66000   127.50000   
-1.64000   135.00000   
-1.62000   142.50000   
-1.60000   150.00000   
-1.58000   157.50000   
-1.56000   165.00000   
-1.54000   172.50000   
-1.52000   180.00000   
-1.50000   187.50000   
-1.48000   195.00000   
-1.46000   202.50000   
-1.44000   210.00000   
-1.42000   217.50000   
-1.40000   225.00000   
-1.38000   232.50000   
-1.36000   240.00000   
-1.34000   247.50000   
-1.32000   255.00000   
-1.30000   262.50000   
-1.28000   270.00000   
-1.26000   277.50000   
-1.24000   285.00000   
-1.22000   292.50000   
-1.20000   300.00000   
-1.18000   307.50000   
-1.16000   315.00000   
-1.14000   322.50000   
-1.12000   330.00000   
-1.10000   337.50000   
-1.08000   345.00000   
-1.06000   352.50000   
-1.04000   360.00000   
-1.02000   367.50000   
-1.00000   375.00000   
-0.98000   382.40000   
-0.96000   389.60000   
-0.94000   396.60000   
-0.92000   403.40000   
-0.90000   410.00000   
-0.88000   416.40000   
-0.86000   422.60000   
-0.84000   428.60000   
-0.82000   434.40000   
-0.80000   440.00000   
-0.78000   445.40000   
-0.76000   450.60000   
-0.74000   455.60000   
-0.72000   460.40000   
-0.70000   465.00000   
-0.68000   469.40000   
-0.66000   473.60000   
-0.64000   477.60000   
-0.62000   481.40000   
-0.60000   485.00000   
-0.58000   488.40000   
-0.56000   491.60000   
-0.54000   494.60000   
-0.52000   497.40000   
-0.50000   500.00000   
-0.48000   502.40000   
-0.46000   504.60000   
-0.44000   506.60000   
-0.42000   508.40000   
-0.40000   510.00000   
-0.38000   511.40000   
-0.36000   512.60000   
-0.34000   513.60000   
-0.32000   514.40000   
-0.30000   515.00000   
-0.28000   515.40000   
-0.26000   515.60000   
-0.24000   515.60000   
-0.22000   515.40000   
-0.20000   515.00000   
-0.18000   514.40000   
-0.16000   513.60000   
-0.14000   512.60000   
-0.12000   511.40000   
-0.10000   510.00000   
-0.08000   508.40000   
-0.06000   506.60000   
-0.04000   504.60000   
-0.02000   502.40000   
 0.00000   500.00000   
 0.02000   498.70000   
 0.04000   497.30000   
 0.06000   495.80000   
 0.08000   494.20000   
 0.10000   492.50000   
 0.12000   490.70000   
 0.14000   488.80000   
 0.16000   486.80000   
 0.18000   484.70000   
 0.20000   482.50000   
 0.22000   480.20000   
 0.24000   477.80000   
 0.26000   475.30000   
 0.28000   472.70000   
 0.30000   470.00000   
 0.32000   467.20000   
 0.34000   464.30000   
 0.36000   461.30000   
 0.38000   458.20000   
 0.40000   455.00000   
 0.42000   451.70000   
 0.44000   448.30000   
 0.46000   444.80000   
 0.48000   441.20000   
 0.50000   437.50000   
 0.52000   433.70000   
 0.54000   429.80000   
 0.56000   425.80000   
 0.58000   421.70000   
 0.60000   417.50000   
 0.62000   413.20000   
 0.64000   408.80000   
 0.66000   404.30000   
 0.68000   399.70000   
 0.70000   395.00000   
 0.72000   390.20000   
 0.74000   385.30000   
 0.76000   380.30000   
 0.78000   375.20000   
 0.80000   370.00000   
 0.82000   364.70000   
 0.84000   359.30000   
 0.86000   353.80000   
 0.88000   348.20000   
 0.90000   342.50000   
 0.92000   336.70000   
 0.94000   330.80000   
 0.96000   324.80000   
 0.98000   318.70000   
 1.00000   312.50000   
 1.02000   306.25000   
 1.04000   300.00000   
 1.06000   293.75000   
 1.08000   287.50000   
 1.10000   281.25000   
 1.12000   275.00000   
 1.14000   268.75000   
 1.16000   262.50000   
 1.18000   256.25000   
 1.20000   250.00000   
 1.22000   243.75000   
 1.24000   237.50000   
 1.26000   231.25000   
 1.28000   225.00000   
 1.30000   218.75000   
 1.32000   212.50000   
 1.34000   206.25000   
 1.36000   200.00000   
 1.38000   193.75000   
 1.40000   187.50000   
 1.42000   181.25000   
 1.44000   175.00000   
 1.46000   168.75000   
 1.48000   162.50000   
 1.50000   156.25000   
 1.52000   150.00000   
 1.54000   143.75000   
 1.56000   137.50000   
 1.58000   131.25000   
 1.60000   125.00000   
 1.62000   118.75000   
 1.64000   112.50000   
 1.66000   106.25000   
 1.68000   100.00000   
 1.70000   93.75000   
 1.72000   87.50000   
 1.74000   81.25000   
 1.76000   75.00000   
 1.78000   68.75000   
 1.80000   62.50000   
 1.82000   56.25000   
 1.84000   50.00000   
 1.86000   43.75000   
 1.88000   37.50000   
 1.90000   31.25000   
 1.92000   25.00000   
 1.94000   18.75000   
 1.96000   12.50000   
 1.98000    6.25000   
 2.00000    0.00000   
