Linear-CD-2D results
Number of interior x-grid pts: N = 29
Number of interior y-grid pts: M = 29
Approximate solution: x_i, y_j, u_ij
 0.00000    0.00000    0.10000
 0.00000    0.03333    0.10000
 0.00000    0.06667    0.10000
 0.00000    0.10000    0.10000
 0.00000    0.13333    0.10000
 0.00000    0.16667    0.10000
 0.00000    0.20000    0.10000
 0.00000    0.23333    0.10000
 0.00000    0.26667    0.10000
 0.00000    0.30000    0.10000
 0.00000    0.33333    0.10000
 0.00000    0.36667    0.10000
 0.00000    0.40000    0.10000
 0.00000    0.43333    0.10000
 0.00000    0.46667    0.10000
 0.00000    0.50000    0.10000
 0.00000    0.53333    0.10000
 0.00000    0.56667    0.10000
 0.00000    0.60000    0.10000
 0.00000    0.63333    0.10000
 0.00000    0.66667    0.10000
 0.00000    0.70000    0.10000
 0.00000    0.73333    0.10000
 0.00000    0.76667    0.10000
 0.00000    0.80000    0.10000
 0.00000    0.83333    0.10000
 0.00000    0.86667    0.10000
 0.00000    0.90000    0.10000
 0.00000    0.93333    0.10000
 0.00000    0.96667    0.10000
 0.00000    1.00000    0.10000
 0.06667    0.00000    0.10000
 0.06667    0.03333    0.14149
 0.06667    0.06667    0.08814
 0.06667    0.10000    0.08030
 0.06667    0.13333    0.07742
 0.06667    0.16667    0.07492
 0.06667    0.20000    0.07217
 0.06667    0.23333    0.06909
 0.06667    0.26667    0.06576
 0.06667    0.30000    0.06232
 0.06667    0.33333    0.05895
 0.06667    0.36667    0.05581
 0.06667    0.40000    0.05299
 0.06667    0.43333    0.05054
 0.06667    0.46667    0.04843
 0.06667    0.50000    0.04661
 0.06667    0.53333    0.04503
 0.06667    0.56667    0.04362
 0.06667    0.60000    0.04235
 0.06667    0.63333    0.04118
 0.06667    0.66667    0.04009
 0.06667    0.70000    0.03906
 0.06667    0.73333    0.03808
 0.06667    0.76667    0.03715
 0.06667    0.80000    0.03627
 0.06667    0.83333    0.03543
 0.06667    0.86667    0.03467
 0.06667    0.90000    0.03429
 0.06667    0.93333    0.03789
 0.06667    0.96667    0.08605
 0.06667    1.00000    0.10000
 0.13333    0.00000    0.10000
 0.13333    0.03333    0.09856
 0.13333    0.06667    0.03509
 0.13333    0.10000    0.02820
 0.13333    0.13333    0.02792
 0.13333    0.16667    0.02784
 0.13333    0.20000    0.02703
 0.13333    0.23333    0.02540
 0.13333    0.26667    0.02311
 0.13333    0.30000    0.02042
 0.13333    0.33333    0.01766
 0.13333    0.36667    0.01510
 0.13333    0.40000    0.01291
 0.13333    0.43333    0.01117
 0.13333    0.46667    0.00985
 0.13333    0.50000    0.00890
 0.13333    0.53333    0.00822
 0.13333    0.56667    0.00773
 0.13333    0.60000    0.00736
 0.13333    0.63333    0.00706
 0.13333    0.66667    0.00680
 0.13333    0.70000    0.00658
 0.13333    0.73333    0.00637
 0.13333    0.76667    0.00618
 0.13333    0.80000    0.00600
 0.13333    0.83333    0.00583
 0.13333    0.86667    0.00572
 0.13333    0.90000    0.00611
 0.13333    0.93333    0.01153
 0.13333    0.96667    0.06815
 0.13333    1.00000    0.10000
 0.20000    0.00000    0.10000
 0.20000    0.03333    0.09112
 0.20000    0.06667    0.02559
 0.20000    0.10000    0.01905
 0.20000    0.13333    0.01957
 0.20000    0.16667    0.02019
 0.20000    0.20000    0.01988
 0.20000    0.23333    0.01853
 0.20000    0.26667    0.01634
 0.20000    0.30000    0.01366
 0.20000    0.33333    0.01085
 0.20000    0.36667    0.00825
 0.20000    0.40000    0.00606
 0.20000    0.43333    0.00436
 0.20000    0.46667    0.00315
 0.20000    0.50000    0.00235
 0.20000    0.53333    0.00184
 0.20000    0.56667    0.00153
 0.20000    0.60000    0.00134
 0.20000    0.63333    0.00123
 0.20000    0.66667    0.00115
 0.20000    0.70000    0.00110
 0.20000    0.73333    0.00105
 0.20000    0.76667    0.00102
 0.20000    0.80000    0.00098
 0.20000    0.83333    0.00095
 0.20000    0.86667    0.00098
 0.20000    0.90000    0.00154
 0.20000    0.93333    0.00734
 0.20000    0.96667    0.06534
 0.20000    1.00000    0.10000
 0.26667    0.00000    0.10000
 0.26667    0.03333    0.08871
 0.26667    0.06667    0.02233
 0.26667    0.10000    0.01555
 0.26667    0.13333    0.01601
 0.26667    0.16667    0.01666
 0.26667    0.20000    0.01647
 0.26667    0.23333    0.01532
 0.26667    0.26667    0.01341
 0.26667    0.30000    0.01104
 0.26667    0.33333    0.00855
 0.26667    0.36667    0.00624
 0.26667    0.40000    0.00431
 0.26667    0.43333    0.00283
 0.26667    0.46667    0.00178
 0.26667    0.50000    0.00110
 0.26667    0.53333    0.00068
 0.26667    0.56667    0.00044
 0.26667    0.60000    0.00031
 0.26667    0.63333    0.00024
 0.26667    0.66667    0.00021
 0.26667    0.70000    0.00019
 0.26667    0.73333    0.00017
 0.26667    0.76667    0.00017
 0.26667    0.80000    0.00016
 0.26667    0.83333    0.00016
 0.26667    0.86667    0.00021
 0.26667    0.90000    0.00080
 0.26667    0.93333    0.00668
 0.26667    0.96667    0.06490
 0.26667    1.00000    0.10000
 0.33333    0.00000    0.10000
 0.33333    0.03333    0.08609
 0.33333    0.06667    0.01870
 0.33333    0.10000    0.01123
 0.33333    0.13333    0.01121
 0.33333    0.16667    0.01163
 0.33333    0.20000    0.01149
 0.33333    0.23333    0.01068
 0.33333    0.26667    0.00933
 0.33333    0.30000    0.00765
 0.33333    0.33333    0.00589
 0.33333    0.36667    0.00426
 0.33333    0.40000    0.00290
 0.33333    0.43333    0.00186
 0.33333    0.46667    0.00113
 0.33333    0.50000    0.00065
 0.33333    0.53333    0.00036
 0.33333    0.56667    0.00019
 0.33333    0.60000    0.00011
 0.33333    0.63333    0.00006
 0.33333    0.66667    0.00004
 0.33333    0.70000    0.00003
 0.33333    0.73333    0.00003
 0.33333    0.76667    0.00003
 0.33333    0.80000    0.00003
 0.33333    0.83333    0.00003
 0.33333    0.86667    0.00009
 0.33333    0.90000    0.00069
 0.33333    0.93333    0.00658
 0.33333    0.96667    0.06483
 0.33333    1.00000    0.10000
 0.40000    0.00000    0.10000
 0.40000    0.03333    0.08348
 0.40000    0.06667    0.01508
 0.40000    0.10000    0.00687
 0.40000    0.13333    0.00632
 0.40000    0.16667    0.00648
 0.40000    0.20000    0.00638
 0.40000    0.23333    0.00593
 0.40000    0.26667    0.00517
 0.40000    0.30000    0.00423
 0.40000    0.33333    0.00325
 0.40000    0.36667    0.00235
 0.40000    0.40000    0.00159
 0.40000    0.43333    0.00102
 0.40000    0.46667    0.00061
 0.40000    0.50000    0.00034
 0.40000    0.53333    0.00018
 0.40000    0.56667    0.00009
 0.40000    0.60000    0.00005
 0.40000    0.63333    0.00002
 0.40000    0.66667    0.00001
 0.40000    0.70000    0.00001
 0.40000    0.73333    0.00001
 0.40000    0.76667    0.00000
 0.40000    0.80000    0.00000
 0.40000    0.83333    0.00001
 0.40000    0.86667    0.00007
 0.40000    0.90000    0.00067
 0.40000    0.93333    0.00656
 0.40000    0.96667    0.06482
 0.40000    1.00000    0.10000
 0.46667    0.00000    0.10000
 0.46667    0.03333    0.08167
 0.46667    0.06667    0.01255
 0.46667    0.10000    0.00382
 0.46667    0.13333    0.00290
 0.46667    0.16667    0.00287
 0.46667    0.20000    0.00281
 0.46667    0.23333    0.00261
 0.46667    0.26667    0.00227
 0.46667    0.30000    0.00186
 0.46667    0.33333    0.00143
 0.46667    0.36667    0.00103
 0.46667    0.40000    0.00070
 0.46667    0.43333    0.00044
 0.46667    0.46667    0.00027
 0.46667    0.50000    0.00015
 0.46667    0.53333    0.00008
 0.46667    0.56667    0.00004
 0.46667    0.60000    0.00002
 0.46667    0.63333    0.00001
 0.46667    0.66667    0.00000
 0.46667    0.70000    0.00000
 0.46667    0.73333    0.00000
 0.46667    0.76667    0.00000
 0.46667    0.80000    0.00000
 0.46667    0.83333    0.00001
 0.46667    0.86667    0.00007
 0.46667    0.90000    0.00067
 0.46667    0.93333    0.00656
 0.46667    0.96667    0.06482
 0.46667    1.00000    0.10000
 0.53333    0.00000    0.10000
 0.53333    0.03333    0.08074
 0.53333    0.06667    0.01125
 0.53333    0.10000    0.00226
 0.53333    0.13333    0.00115
 0.53333    0.16667    0.00103
 0.53333    0.20000    0.00099
 0.53333    0.23333    0.00092
 0.53333    0.26667    0.00080
 0.53333    0.30000    0.00065
 0.53333    0.33333    0.00050
 0.53333    0.36667    0.00036
 0.53333    0.40000    0.00024
 0.53333    0.43333    0.00016
 0.53333    0.46667    0.00009
 0.53333    0.50000    0.00005
 0.53333    0.53333    0.00003
 0.53333    0.56667    0.00001
 0.53333    0.60000    0.00001
 0.53333    0.63333    0.00000
 0.53333    0.66667    0.00000
 0.53333    0.70000    0.00000
 0.53333    0.73333    0.00000
 0.53333    0.76667    0.00000
 0.53333    0.80000    0.00000
 0.53333    0.83333    0.00001
 0.53333    0.86667    0.00007
 0.53333    0.90000    0.00067
 0.53333    0.93333    0.00656
 0.53333    0.96667    0.06482
 0.53333    1.00000    0.10000
 0.60000    0.00000    0.10000
 0.60000    0.03333    0.08039
 0.60000    0.06667    0.01074
 0.60000    0.10000    0.00165
 0.60000    0.13333    0.00046
 0.60000    0.16667    0.00031
 0.60000    0.20000    0.00029
 0.60000    0.23333    0.00026
 0.60000    0.26667    0.00023
 0.60000    0.30000    0.00019
 0.60000    0.33333    0.00014
 0.60000    0.36667    0.00010
 0.60000    0.40000    0.00007
 0.60000    0.43333    0.00004
 0.60000    0.46667    0.00003
 0.60000    0.50000    0.00001
 0.60000    0.53333    0.00001
 0.60000    0.56667    0.00000
 0.60000    0.60000    0.00000
 0.60000    0.63333    0.00000
 0.60000    0.66667    0.00000
 0.60000    0.70000    0.00000
 0.60000    0.73333    0.00000
 0.60000    0.76667    0.00000
 0.60000    0.80000    0.00000
 0.60000    0.83333    0.00001
 0.60000    0.86667    0.00007
 0.60000    0.90000    0.00067
 0.60000    0.93333    0.00656
 0.60000    0.96667    0.06482
 0.60000    1.00000    0.10000
 0.66667    0.00000    0.10000
 0.66667    0.03333    0.08028
 0.66667    0.06667    0.01058
 0.66667    0.10000    0.00146
 0.66667    0.13333    0.00025
 0.66667    0.16667    0.00009
 0.66667    0.20000    0.00007
 0.66667    0.23333    0.00006
 0.66667    0.26667    0.00005
 0.66667    0.30000    0.00004
 0.66667    0.33333    0.00003
 0.66667    0.36667    0.00002
 0.66667    0.40000    0.00002
 0.66667    0.43333    0.00001
 0.66667    0.46667    0.00001
 0.66667    0.50000    0.00000
 0.66667    0.53333    0.00000
 0.66667    0.56667    0.00000
 0.66667    0.60000    0.00000
 0.66667    0.63333    0.00000
 0.66667    0.66667    0.00000
 0.66667    0.70000    0.00000
 0.66667    0.73333    0.00000
 0.66667    0.76667    0.00000
 0.66667    0.80000    0.00000
 0.66667    0.83333    0.00001
 0.66667    0.86667    0.00007
 0.66667    0.90000    0.00067
 0.66667    0.93333    0.00656
 0.66667    0.96667    0.06482
 0.66667    1.00000    0.10000
 0.73333    0.00000    0.10000
 0.73333    0.03333    0.08025
 0.73333    0.06667    0.01054
 0.73333    0.10000    0.00141
 0.73333    0.13333    0.00020
 0.73333    0.16667    0.00004
 0.73333    0.20000    0.00002
 0.73333    0.23333    0.00001
 0.73333    0.26667    0.00001
 0.73333    0.30000    0.00001
 0.73333    0.33333    0.00001
 0.73333    0.36667    0.00000
 0.73333    0.40000    0.00000
 0.73333    0.43333    0.00000
 0.73333    0.46667    0.00000
 0.73333    0.50000    0.00000
 0.73333    0.53333    0.00000
 0.73333    0.56667    0.00000
 0.73333    0.60000    0.00000
 0.73333    0.63333    0.00000
 0.73333    0.66667    0.00000
 0.73333    0.70000    0.00000
 0.73333    0.73333    0.00000
 0.73333    0.76667    0.00000
 0.73333    0.80000    0.00000
 0.73333    0.83333    0.00001
 0.73333    0.86667    0.00007
 0.73333    0.90000    0.00067
 0.73333    0.93333    0.00656
 0.73333    0.96667    0.06482
 0.73333    1.00000    0.10000
 0.80000    0.00000    0.10000
 0.80000    0.03333    0.08024
 0.80000    0.06667    0.01054
 0.80000    0.10000    0.00140
 0.80000    0.13333    0.00019
 0.80000    0.16667    0.00003
 0.80000    0.20000    0.00001
 0.80000    0.23333    0.00000
 0.80000    0.26667    0.00000
 0.80000    0.30000    0.00000
 0.80000    0.33333    0.00000
 0.80000    0.36667    0.00000
 0.80000    0.40000    0.00000
 0.80000    0.43333    0.00000
 0.80000    0.46667    0.00000
 0.80000    0.50000    0.00000
 0.80000    0.53333    0.00000
 0.80000    0.56667    0.00000
 0.80000    0.60000    0.00000
 0.80000    0.63333    0.00000
 0.80000    0.66667    0.00000
 0.80000    0.70000    0.00000
 0.80000    0.73333    0.00000
 0.80000    0.76667    0.00000
 0.80000    0.80000    0.00000
 0.80000    0.83333    0.00001
 0.80000    0.86667    0.00007
 0.80000    0.90000    0.00067
 0.80000    0.93333    0.00656
 0.80000    0.96667    0.06482
 0.80000    1.00000    0.10000
 0.86667    0.00000    0.10000
 0.86667    0.03333    0.08024
 0.86667    0.06667    0.01053
 0.86667    0.10000    0.00140
 0.86667    0.13333    0.00019
 0.86667    0.16667    0.00003
 0.86667    0.20000    0.00000
 0.86667    0.23333    0.00000
 0.86667    0.26667    0.00000
 0.86667    0.30000    0.00000
 0.86667    0.33333    0.00000
 0.86667    0.36667    0.00000
 0.86667    0.40000    0.00000
 0.86667    0.43333    0.00000
 0.86667    0.46667    0.00000
 0.86667    0.50000    0.00000
 0.86667    0.53333    0.00000
 0.86667    0.56667    0.00000
 0.86667    0.60000    0.00000
 0.86667    0.63333    0.00000
 0.86667    0.66667    0.00000
 0.86667    0.70000    0.00000
 0.86667    0.73333    0.00000
 0.86667    0.76667    0.00000
 0.86667    0.80000    0.00000
 0.86667    0.83333    0.00001
 0.86667    0.86667    0.00007
 0.86667    0.90000    0.00067
 0.86667    0.93333    0.00656
 0.86667    0.96667    0.06482
 0.86667    1.00000    0.10000
 0.93333    0.00000    0.10000
 0.93333    0.03333    0.08024
 0.93333    0.06667    0.01053
 0.93333    0.10000    0.00140
 0.93333    0.13333    0.00019
 0.93333    0.16667    0.00003
 0.93333    0.20000    0.00000
 0.93333    0.23333    0.00000
 0.93333    0.26667    0.00000
 0.93333    0.30000    0.00000
 0.93333    0.33333    0.00000
 0.93333    0.36667    0.00000
 0.93333    0.40000    0.00000
 0.93333    0.43333    0.00000
 0.93333    0.46667    0.00000
 0.93333    0.50000    0.00000
 0.93333    0.53333    0.00000
 0.93333    0.56667    0.00000
 0.93333    0.60000    0.00000
 0.93333    0.63333    0.00000
 0.93333    0.66667    0.00000
 0.93333    0.70000    0.00000
 0.93333    0.73333    0.00000
 0.93333    0.76667    0.00000
 0.93333    0.80000    0.00000
 0.93333    0.83333    0.00001
 0.93333    0.86667    0.00007
 0.93333    0.90000    0.00067
 0.93333    0.93333    0.00656
 0.93333    0.96667    0.06482
 0.93333    1.00000    0.10000
 1.00000    0.00000    0.10000
 1.00000    0.03333    0.08024
 1.00000    0.06667    0.01053
 1.00000    0.10000    0.00140
 1.00000    0.13333    0.00019
 1.00000    0.16667    0.00003
 1.00000    0.20000    0.00000
 1.00000    0.23333    0.00000
 1.00000    0.26667    0.00000
 1.00000    0.30000    0.00000
 1.00000    0.33333    0.00000
 1.00000    0.36667    0.00000
 1.00000    0.40000    0.00000
 1.00000    0.43333    0.00000
 1.00000    0.46667    0.00000
 1.00000    0.50000    0.00000
 1.00000    0.53333    0.00000
 1.00000    0.56667    0.00000
 1.00000    0.60000    0.00000
 1.00000    0.63333    0.00000
 1.00000    0.66667    0.00000
 1.00000    0.70000    0.00000
 1.00000    0.73333    0.00000
 1.00000    0.76667    0.00000
 1.00000    0.80000    0.00000
 1.00000    0.83333    0.00001
 1.00000    0.86667    0.00007
 1.00000    0.90000    0.00067
 1.00000    0.93333    0.00656
 1.00000    0.96667    0.06482
 1.00000    1.00000    0.10000
 1.06667    0.00000    0.10000
 1.06667    0.03333    0.08024
 1.06667    0.06667    0.01053
 1.06667    0.10000    0.00140
 1.06667    0.13333    0.00019
 1.06667    0.16667    0.00003
 1.06667    0.20000    0.00000
 1.06667    0.23333    0.00000
 1.06667    0.26667    0.00000
 1.06667    0.30000    0.00000
 1.06667    0.33333    0.00000
 1.06667    0.36667    0.00000
 1.06667    0.40000    0.00000
 1.06667    0.43333    0.00000
 1.06667    0.46667    0.00000
 1.06667    0.50000    0.00000
 1.06667    0.53333    0.00000
 1.06667    0.56667    0.00000
 1.06667    0.60000    0.00000
 1.06667    0.63333    0.00000
 1.06667    0.66667    0.00000
 1.06667    0.70000    0.00000
 1.06667    0.73333    0.00000
 1.06667    0.76667    0.00000
 1.06667    0.80000    0.00000
 1.06667    0.83333    0.00001
 1.06667    0.86667    0.00007
 1.06667    0.90000    0.00067
 1.06667    0.93333    0.00656
 1.06667    0.96667    0.06482
 1.06667    1.00000    0.10000
 1.13333    0.00000    0.10000
 1.13333    0.03333    0.08024
 1.13333    0.06667    0.01053
 1.13333    0.10000    0.00140
 1.13333    0.13333    0.00019
 1.13333    0.16667    0.00003
 1.13333    0.20000    0.00000
 1.13333    0.23333    0.00000
 1.13333    0.26667    0.00000
 1.13333    0.30000    0.00000
 1.13333    0.33333    0.00000
 1.13333    0.36667    0.00000
 1.13333    0.40000    0.00000
 1.13333    0.43333    0.00000
 1.13333    0.46667    0.00000
 1.13333    0.50000    0.00000
 1.13333    0.53333    0.00000
 1.13333    0.56667    0.00000
 1.13333    0.60000    0.00000
 1.13333    0.63333    0.00000
 1.13333    0.66667    0.00000
 1.13333    0.70000    0.00000
 1.13333    0.73333    0.00000
 1.13333    0.76667    0.00000
 1.13333    0.80000    0.00000
 1.13333    0.83333    0.00001
 1.13333    0.86667    0.00007
 1.13333    0.90000    0.00067
 1.13333    0.93333    0.00656
 1.13333    0.96667    0.06482
 1.13333    1.00000    0.10000
 1.20000    0.00000    0.10000
 1.20000    0.03333    0.08024
 1.20000    0.06667    0.01053
 1.20000    0.10000    0.00140
 1.20000    0.13333    0.00019
 1.20000    0.16667    0.00003
 1.20000    0.20000    0.00000
 1.20000    0.23333    0.00000
 1.20000    0.26667    0.00000
 1.20000    0.30000    0.00000
 1.20000    0.33333    0.00000
 1.20000    0.36667    0.00000
 1.20000    0.40000    0.00000
 1.20000    0.43333    0.00000
 1.20000    0.46667    0.00000
 1.20000    0.50000    0.00000
 1.20000    0.53333    0.00000
 1.20000    0.56667    0.00000
 1.20000    0.60000    0.00000
 1.20000    0.63333    0.00000
 1.20000    0.66667    0.00000
 1.20000    0.70000    0.00000
 1.20000    0.73333    0.00000
 1.20000    0.76667    0.00000
 1.20000    0.80000    0.00000
 1.20000    0.83333    0.00001
 1.20000    0.86667    0.00007
 1.20000    0.90000    0.00067
 1.20000    0.93333    0.00656
 1.20000    0.96667    0.06482
 1.20000    1.00000    0.10000
 1.26667    0.00000    0.10000
 1.26667    0.03333    0.08024
 1.26667    0.06667    0.01053
 1.26667    0.10000    0.00140
 1.26667    0.13333    0.00019
 1.26667    0.16667    0.00003
 1.26667    0.20000    0.00000
 1.26667    0.23333    0.00000
 1.26667    0.26667    0.00000
 1.26667    0.30000    0.00000
 1.26667    0.33333    0.00000
 1.26667    0.36667    0.00000
 1.26667    0.40000    0.00000
 1.26667    0.43333    0.00000
 1.26667    0.46667    0.00000
 1.26667    0.50000    0.00000
 1.26667    0.53333    0.00000
 1.26667    0.56667    0.00000
 1.26667    0.60000    0.00000
 1.26667    0.63333    0.00000
 1.26667    0.66667    0.00000
 1.26667    0.70000    0.00000
 1.26667    0.73333    0.00000
 1.26667    0.76667    0.00000
 1.26667    0.80000    0.00000
 1.26667    0.83333    0.00001
 1.26667    0.86667    0.00007
 1.26667    0.90000    0.00067
 1.26667    0.93333    0.00656
 1.26667    0.96667    0.06482
 1.26667    1.00000    0.10000
 1.33333    0.00000    0.10000
 1.33333    0.03333    0.08024
 1.33333    0.06667    0.01053
 1.33333    0.10000    0.00140
 1.33333    0.13333    0.00019
 1.33333    0.16667    0.00003
 1.33333    0.20000    0.00000
 1.33333    0.23333    0.00000
 1.33333    0.26667    0.00000
 1.33333    0.30000    0.00000
 1.33333    0.33333    0.00000
 1.33333    0.36667    0.00000
 1.33333    0.40000    0.00000
 1.33333    0.43333    0.00000
 1.33333    0.46667    0.00000
 1.33333    0.50000    0.00000
 1.33333    0.53333    0.00000
 1.33333    0.56667    0.00000
 1.33333    0.60000    0.00000
 1.33333    0.63333    0.00000
 1.33333    0.66667    0.00000
 1.33333    0.70000    0.00000
 1.33333    0.73333    0.00000
 1.33333    0.76667    0.00000
 1.33333    0.80000    0.00000
 1.33333    0.83333    0.00001
 1.33333    0.86667    0.00007
 1.33333    0.90000    0.00067
 1.33333    0.93333    0.00656
 1.33333    0.96667    0.06482
 1.33333    1.00000    0.10000
 1.40000    0.00000    0.10000
 1.40000    0.03333    0.08024
 1.40000    0.06667    0.01053
 1.40000    0.10000    0.00140
 1.40000    0.13333    0.00019
 1.40000    0.16667    0.00003
 1.40000    0.20000    0.00000
 1.40000    0.23333    0.00000
 1.40000    0.26667    0.00000
 1.40000    0.30000    0.00000
 1.40000    0.33333    0.00000
 1.40000    0.36667    0.00000
 1.40000    0.40000    0.00000
 1.40000    0.43333    0.00000
 1.40000    0.46667    0.00000
 1.40000    0.50000    0.00000
 1.40000    0.53333    0.00000
 1.40000    0.56667    0.00000
 1.40000    0.60000    0.00000
 1.40000    0.63333    0.00000
 1.40000    0.66667    0.00000
 1.40000    0.70000    0.00000
 1.40000    0.73333    0.00000
 1.40000    0.76667    0.00000
 1.40000    0.80000    0.00000
 1.40000    0.83333    0.00001
 1.40000    0.86667    0.00007
 1.40000    0.90000    0.00067
 1.40000    0.93333    0.00656
 1.40000    0.96667    0.06482
 1.40000    1.00000    0.10000
 1.46667    0.00000    0.10000
 1.46667    0.03333    0.08024
 1.46667    0.06667    0.01053
 1.46667    0.10000    0.00140
 1.46667    0.13333    0.00019
 1.46667    0.16667    0.00003
 1.46667    0.20000    0.00000
 1.46667    0.23333    0.00000
 1.46667    0.26667    0.00000
 1.46667    0.30000    0.00000
 1.46667    0.33333    0.00000
 1.46667    0.36667    0.00000
 1.46667    0.40000    0.00000
 1.46667    0.43333    0.00000
 1.46667    0.46667    0.00000
 1.46667    0.50000    0.00000
 1.46667    0.53333    0.00000
 1.46667    0.56667    0.00000
 1.46667    0.60000    0.00000
 1.46667    0.63333    0.00000
 1.46667    0.66667    0.00000
 1.46667    0.70000    0.00000
 1.46667    0.73333    0.00000
 1.46667    0.76667    0.00000
 1.46667    0.80000    0.00000
 1.46667    0.83333    0.00001
 1.46667    0.86667    0.00007
 1.46667    0.90000    0.00067
 1.46667    0.93333    0.00656
 1.46667    0.96667    0.06482
 1.46667    1.00000    0.10000
 1.53333    0.00000    0.10000
 1.53333    0.03333    0.08024
 1.53333    0.06667    0.01053
 1.53333    0.10000    0.00140
 1.53333    0.13333    0.00019
 1.53333    0.16667    0.00003
 1.53333    0.20000    0.00000
 1.53333    0.23333    0.00000
 1.53333    0.26667    0.00000
 1.53333    0.30000    0.00000
 1.53333    0.33333    0.00000
 1.53333    0.36667    0.00000
 1.53333    0.40000    0.00000
 1.53333    0.43333    0.00000
 1.53333    0.46667    0.00000
 1.53333    0.50000    0.00000
 1.53333    0.53333    0.00000
 1.53333    0.56667    0.00000
 1.53333    0.60000    0.00000
 1.53333    0.63333    0.00000
 1.53333    0.66667    0.00000
 1.53333    0.70000    0.00000
 1.53333    0.73333    0.00000
 1.53333    0.76667    0.00000
 1.53333    0.80000    0.00000
 1.53333    0.83333    0.00001
 1.53333    0.86667    0.00007
 1.53333    0.90000    0.00067
 1.53333    0.93333    0.00656
 1.53333    0.96667    0.06482
 1.53333    1.00000    0.10000
 1.60000    0.00000    0.10000
 1.60000    0.03333    0.08024
 1.60000    0.06667    0.01053
 1.60000    0.10000    0.00140
 1.60000    0.13333    0.00019
 1.60000    0.16667    0.00003
 1.60000    0.20000    0.00000
 1.60000    0.23333    0.00000
 1.60000    0.26667    0.00000
 1.60000    0.30000    0.00000
 1.60000    0.33333    0.00000
 1.60000    0.36667    0.00000
 1.60000    0.40000    0.00000
 1.60000    0.43333    0.00000
 1.60000    0.46667    0.00000
 1.60000    0.50000    0.00000
 1.60000    0.53333    0.00000
 1.60000    0.56667    0.00000
 1.60000    0.60000    0.00000
 1.60000    0.63333    0.00000
 1.60000    0.66667    0.00000
 1.60000    0.70000    0.00000
 1.60000    0.73333    0.00000
 1.60000    0.76667    0.00000
 1.60000    0.80000    0.00000
 1.60000    0.83333    0.00001
 1.60000    0.86667    0.00007
 1.60000    0.90000    0.00067
 1.60000    0.93333    0.00656
 1.60000    0.96667    0.06482
 1.60000    1.00000    0.10000
 1.66667    0.00000    0.10000
 1.66667    0.03333    0.08024
 1.66667    0.06667    0.01053
 1.66667    0.10000    0.00140
 1.66667    0.13333    0.00019
 1.66667    0.16667    0.00003
 1.66667    0.20000    0.00000
 1.66667    0.23333    0.00000
 1.66667    0.26667    0.00000
 1.66667    0.30000    0.00000
 1.66667    0.33333    0.00000
 1.66667    0.36667    0.00000
 1.66667    0.40000    0.00000
 1.66667    0.43333    0.00000
 1.66667    0.46667    0.00000
 1.66667    0.50000    0.00000
 1.66667    0.53333    0.00000
 1.66667    0.56667    0.00000
 1.66667    0.60000    0.00000
 1.66667    0.63333    0.00000
 1.66667    0.66667    0.00000
 1.66667    0.70000    0.00000
 1.66667    0.73333    0.00000
 1.66667    0.76667    0.00000
 1.66667    0.80000    0.00000
 1.66667    0.83333    0.00001
 1.66667    0.86667    0.00007
 1.66667    0.90000    0.00067
 1.66667    0.93333    0.00656
 1.66667    0.96667    0.06482
 1.66667    1.00000    0.10000
 1.73333    0.00000    0.10000
 1.73333    0.03333    0.08022
 1.73333    0.06667    0.01052
 1.73333    0.10000    0.00140
 1.73333    0.13333    0.00019
 1.73333    0.16667    0.00003
 1.73333    0.20000    0.00000
 1.73333    0.23333    0.00000
 1.73333    0.26667    0.00000
 1.73333    0.30000    0.00000
 1.73333    0.33333    0.00000
 1.73333    0.36667    0.00000
 1.73333    0.40000    0.00000
 1.73333    0.43333    0.00000
 1.73333    0.46667    0.00000
 1.73333    0.50000    0.00000
 1.73333    0.53333    0.00000
 1.73333    0.56667    0.00000
 1.73333    0.60000    0.00000
 1.73333    0.63333    0.00000
 1.73333    0.66667    0.00000
 1.73333    0.70000    0.00000
 1.73333    0.73333    0.00000
 1.73333    0.76667    0.00000
 1.73333    0.80000    0.00000
 1.73333    0.83333    0.00001
 1.73333    0.86667    0.00007
 1.73333    0.90000    0.00066
 1.73333    0.93333    0.00655
 1.73333    0.96667    0.06481
 1.73333    1.00000    0.10000
 1.80000    0.00000    0.10000
 1.80000    0.03333    0.08006
 1.80000    0.06667    0.01046
 1.80000    0.10000    0.00138
 1.80000    0.13333    0.00018
 1.80000    0.16667    0.00002
 1.80000    0.20000    0.00000
 1.80000    0.23333    0.00000
 1.80000    0.26667    0.00000
 1.80000    0.30000    0.00000
 1.80000    0.33333    0.00000
 1.80000    0.36667    0.00000
 1.80000    0.40000    0.00000
 1.80000    0.43333    0.00000
 1.80000    0.46667    0.00000
 1.80000    0.50000    0.00000
 1.80000    0.53333    0.00000
 1.80000    0.56667    0.00000
 1.80000    0.60000    0.00000
 1.80000    0.63333    0.00000
 1.80000    0.66667    0.00000
 1.80000    0.70000    0.00000
 1.80000    0.73333    0.00000
 1.80000    0.76667    0.00000
 1.80000    0.80000    0.00000
 1.80000    0.83333    0.00001
 1.80000    0.86667    0.00007
 1.80000    0.90000    0.00066
 1.80000    0.93333    0.00652
 1.80000    0.96667    0.06472
 1.80000    1.00000    0.10000
 1.86667    0.00000    0.10000
 1.86667    0.03333    0.07886
 1.86667    0.06667    0.01006
 1.86667    0.10000    0.00129
 1.86667    0.13333    0.00017
 1.86667    0.16667    0.00002
 1.86667    0.20000    0.00000
 1.86667    0.23333    0.00000
 1.86667    0.26667    0.00000
 1.86667    0.30000    0.00000
 1.86667    0.33333    0.00000
 1.86667    0.36667    0.00000
 1.86667    0.40000    0.00000
 1.86667    0.43333    0.00000
 1.86667    0.46667    0.00000
 1.86667    0.50000    0.00000
 1.86667    0.53333    0.00000
 1.86667    0.56667    0.00000
 1.86667    0.60000    0.00000
 1.86667    0.63333    0.00000
 1.86667    0.66667    0.00000
 1.86667    0.70000    0.00000
 1.86667    0.73333    0.00000
 1.86667    0.76667    0.00000
 1.86667    0.80000    0.00000
 1.86667    0.83333    0.00001
 1.86667    0.86667    0.00006
 1.86667    0.90000    0.00063
 1.86667    0.93333    0.00633
 1.86667    0.96667    0.06396
 1.86667    1.00000    0.10000
 1.93333    0.00000    0.10000
 1.93333    0.03333    0.06962
 1.93333    0.06667    0.00802
 1.93333    0.10000    0.00095
 1.93333    0.13333    0.00011
 1.93333    0.16667    0.00001
 1.93333    0.20000    0.00000
 1.93333    0.23333    0.00000
 1.93333    0.26667    0.00000
 1.93333    0.30000    0.00000
 1.93333    0.33333    0.00000
 1.93333    0.36667    0.00000
 1.93333    0.40000    0.00000
 1.93333    0.43333    0.00000
 1.93333    0.46667    0.00000
 1.93333    0.50000    0.00000
 1.93333    0.53333    0.00000
 1.93333    0.56667    0.00000
 1.93333    0.60000    0.00000
 1.93333    0.63333    0.00000
 1.93333    0.66667    0.00000
 1.93333    0.70000    0.00000
 1.93333    0.73333    0.00000
 1.93333    0.76667    0.00000
 1.93333    0.80000    0.00000
 1.93333    0.83333    0.00000
 1.93333    0.86667    0.00004
 1.93333    0.90000    0.00048
 1.93333    0.93333    0.00519
 1.93333    0.96667    0.05736
 1.93333    1.00000    0.10000
 2.00000    0.00000    0.10000
 2.00000    0.03333    0.10000
 2.00000    0.06667    0.10000
 2.00000    0.10000    0.10000
 2.00000    0.13333    0.10000
 2.00000    0.16667    0.10000
 2.00000    0.20000    0.10000
 2.00000    0.23333    0.10000
 2.00000    0.26667    0.10000
 2.00000    0.30000    0.10000
 2.00000    0.33333    0.10000
 2.00000    0.36667    0.10000
 2.00000    0.40000    0.10000
 2.00000    0.43333    0.10000
 2.00000    0.46667    0.10000
 2.00000    0.50000    0.10000
 2.00000    0.53333    0.10000
 2.00000    0.56667    0.10000
 2.00000    0.60000    0.10000
 2.00000    0.63333    0.10000
 2.00000    0.66667    0.10000
 2.00000    0.70000    0.10000
 2.00000    0.73333    0.10000
 2.00000    0.76667    0.10000
 2.00000    0.80000    0.10000
 2.00000    0.83333    0.10000
 2.00000    0.86667    0.10000
 2.00000    0.90000    0.10000
 2.00000    0.93333    0.10000
 2.00000    0.96667    0.10000
 2.00000    1.00000    0.10000
